mktextfm T1-zgm-r-osfI-swq
mktextfm T1-zgm-r-osfI-swq
mktextfm T1-zgm-r-osfI-swq
mktextfm T1-zgm-r-osfI-swq
mktextfm T1-zgm-b-osfI-swq
mktextfm T1-zgm-r-osfI-swq
mktextfm T1-zgm-ri-osfI-swq
mktextfm T1-zgm-ri-osfI-swq
mktextfm T1-zgm-b-osfI-swq
mktextfm T1-zgm-ri-osfI-swq
mktextfm nullfont
mktextfm T1-zgm-ri-osfI-sc-swq
mktextfm T1-zgm-r-osfI-sc-swq
mktextfm T1-zgm-r-osfI-swq
mktextfm TS1-zgm-r-lf
mktextfm T1-zgm-r-osfI-swq
mktextfm T1-zgm-r-osfI-swq
mktextfm T1-zgm-r-osfI-swq
mktextfm T1-zgm-r-osfI-swq
mktextfm T1-zgm-b-osfI-swq
mktextfm T1-zgm-r-osfI-swq
mktextfm T1-zgm-ri-osfI-swq
mktextfm T1-zgm-ri-osfI-swq
mktextfm T1-zgm-b-osfI-swq
mktextfm T1-zgm-ri-osfI-swq
mktextfm nullfont
mktextfm T1-zgm-ri-osfI-sc-swq
mktextfm T1-zgm-r-osfI-sc-swq
mktextfm T1-zgm-r-osfI-swq
mktextfm TS1-zgm-r-lf
mktextfm T1-zgm-r-osfI-swq
mktextfm T1-zgm-r-osfI-swq
mktextfm T1-zgm-r-osfI-swq
mktextfm T1-zgm-r-osfI-sc-swq
mktextfm T1-zgm-r-osfI-swq
mktextfm T1-zgm-ri-osfI-swq
mktextfm T1-zgm-ri-osfI-swq
mktextfm T1-zgm-ri-osfI-swq
mktextfm T1-zgm-bi-osfI-swq
mktextfm T1-zgm-ri-osfI-swq
mktextfm nullfont
mktextfm T1-zgm-ri-osfI-sc-swq
mktextfm T1-zgm-bi-osfI-swq
mktextfm TS1-zgm-r-lf
mktextfm T1-zgm-r-osfI-swq
mktextfm T1-zgm-r-osfI-swq
mktextfm T1-zgm-r-osfI-swq
mktextfm T1-zgm-r-osfI-sc-swq
mktextfm T1-zgm-r-osfI-swq
mktextfm T1-zgm-ri-osfI-swq
mktextfm T1-zgm-ri-osfI-swq
mktextfm T1-zgm-ri-osfI-swq
mktextfm T1-zgm-bi-osfI-swq
mktextfm T1-zgm-ri-osfI-swq
mktextfm nullfont
mktextfm T1-zgm-ri-osfI-sc-swq
mktextfm T1-zgm-bi-osfI-swq
mktextfm TS1-zgm-r-lf
mktextfm T1-zgm-r-osfI-swq
mktextfm T1-zgm-r-osfI-swq
mktextfm T1-zgm-r-osfI-swq
mktextfm T1-zgm-r-osfI-sc-swq
mktextfm T1-zgm-r-osfI-swq
mktextfm T1-zgm-ri-osfI-swq
mktextfm T1-zgm-ri-osfI-swq
mktextfm T1-zgm-ri-osfI-swq
mktextfm T1-zgm-bi-osfI-swq
mktextfm T1-zgm-ri-osfI-swq
mktextfm nullfont
mktextfm T1-zgm-ri-osfI-sc-swq
mktextfm T1-zgm-bi-osfI-swq
mktextfm TS1-zgm-r-lf
mktextfm T1-zgm-r-lf
mktextfm T1-zgm-r-lf
mktextfm T1-zgm-r-lf
mktextfm T1-zgm-r-lf-sc
mktextfm T1-zgm-r-lf
mktextfm T1-zgm-ri-lf
mktextfm T1-zgm-ri-lf
mktextfm T1-zgm-ri-lf
mktextfm T1-zgm-bi-lf
mktextfm T1-zgm-ri-lf
mktextfm nullfont
mktextfm T1-zgm-ri-lf-sc
mktextfm T1-zgm-bi-lf
mktextfm TS1-zgm-r-lf
